  UnhookDetectedHooks.cpp
C:\Program Files\Microsoft Visual Studio\2022\Community\VC\Tools\MSVC\14.43.34808\include\xutility(4829,18): warning C4244: '=': conversion from 'const wchar_t' to 'char', possible loss of data
  (compiling source file 'UnhookDetectedHooks.cpp')
      C:\Program Files\Microsoft Visual Studio\2022\Community\VC\Tools\MSVC\14.43.34808\include\xutility(4829,18):
      the template instantiation context (the oldest one first) is
          C:\Users\s12\Documents\GitHub\Evasion\Techniques\UnhookDetectedHooks\UnhookDetectedHooks\GetNTDLLCleanCopy.h(103,50):
          see reference to function template instantiation 'std::basic_string<char,std::char_traits<char>,std::allocator<char>>::basic_string<std::_String_const_iterator<std::_String_val<std::_Simple_types<_Elem>>>,0>(_Iter,_Iter,const _Alloc &)' being compiled
          with
          [
              _Elem=wchar_t,
              _Iter=std::_String_const_iterator<std::_String_val<std::_Simple_types<wchar_t>>>,
              _Alloc=std::allocator<char>
          ]
              C:\Users\s12\Documents\GitHub\Evasion\Techniques\UnhookDetectedHooks\UnhookDetectedHooks\GetNTDLLCleanCopy.h(103,89):
              see the first reference to 'std::basic_string<char,std::char_traits<char>,std::allocator<char>>::basic_string' in 'GetRemoteModuleInfo'
          C:\Program Files\Microsoft Visual Studio\2022\Community\VC\Tools\MSVC\14.43.34808\include\xstring(788,17):
          see reference to function template instantiation 'void std::basic_string<char,std::char_traits<char>,std::allocator<char>>::_Construct_from_iter<const wchar_t*,const wchar_t*,_Size_type>(_Iter,const _Sent,_Size)' being compiled
          with
          [
              _Size_type=unsigned __int64,
              _Iter=const wchar_t *,
              _Sent=const wchar_t *,
              _Size=unsigned __int64
          ]
          C:\Program Files\Microsoft Visual Studio\2022\Community\VC\Tools\MSVC\14.43.34808\include\xstring(944,18):
          see reference to function template instantiation '_OutIt *std::_Copy_n_unchecked4<const wchar_t*,_Size,char*>(_InIt,_SizeTy,_OutIt)' being compiled
          with
          [
              _OutIt=char *,
              _Size=unsigned __int64,
              _InIt=const wchar_t *,
              _SizeTy=unsigned __int64
          ]
  
  Generating code
  6 of 530 functions ( 1.1%) were compiled, the rest were copied from previous compilation.
    0 functions were new in current compilation
    1 functions had inline decision re-evaluated but remain unchanged
  Finished generating code
  UnhookDetectedHooks.vcxproj -> C:\Users\s12\Documents\GitHub\Evasion\Techniques\UnhookDetectedHooks\x64\Release\UnhookDetectedHooks.exe
